Analysis & Synthesis report for CPLD128_Telestrat
Sun Feb 19 17:29:30 2023
Quartus II 64-Bit Version 13.0.1 Build 232 06/12/2013 Service Pack 1 SJ Web Edition


---------------------
; Table of Contents ;
---------------------
  1. Legal Notice
  2. Analysis & Synthesis Summary
  3. Analysis & Synthesis Settings
  4. Parallel Compilation
  5. Analysis & Synthesis Source Files Read
  6. Analysis & Synthesis Resource Usage Summary
  7. Analysis & Synthesis Resource Utilization by Entity
  8. User-Specified and Inferred Latches
  9. Parameter Settings for User Entity Instance: div_freq:inst1|74161:inst6
 10. Parameter Settings for User Entity Instance: sequenceur:inst6|74161:inst3
 11. Parameter Settings for Inferred Entity Instance: HLT_8877:inst12|monostable_900ms:inst1|lpm_counter:cnt_rtl_0
 12. Parameter Settings for Inferred Entity Instance: HLT_8877:inst12|monostable_20ms:inst|lpm_counter:cnt_rtl_0
 13. Analysis & Synthesis Messages



----------------
; Legal Notice ;
----------------
Copyright (C) 1991-2013 Altera Corporation
Your use of Altera Corporation's design tools, logic functions 
and other software and tools, and its AMPP partner logic 
functions, and any output files from any of the foregoing 
(including device programming or simulation files), and any 
associated documentation or information are expressly subject 
to the terms and conditions of the Altera Program License 
Subscription Agreement, Altera MegaCore Function License 
Agreement, or other applicable license agreement, including, 
without limitation, that your use is for the sole purpose of 
programming logic devices manufactured by Altera and sold by 
Altera or its authorized distributors.  Please refer to the 
applicable agreement for further details.



+-------------------------------------------------------------------------------+
; Analysis & Synthesis Summary                                                  ;
+-----------------------------+-------------------------------------------------+
; Analysis & Synthesis Status ; Successful - Sun Feb 19 17:29:30 2023           ;
; Quartus II 64-Bit Version   ; 13.0.1 Build 232 06/12/2013 SP 1 SJ Web Edition ;
; Revision Name               ; CPLD128_Telestrat                               ;
; Top-level Entity Name       ; CPLD128_Telestrat                               ;
; Family                      ; MAX7000S                                        ;
; Total macrocells            ; 96                                              ;
; Total pins                  ; 64                                              ;
+-----------------------------+-------------------------------------------------+


+--------------------------------------------------------------------------------------------------------------------+
; Analysis & Synthesis Settings                                                                                      ;
+----------------------------------------------------------------------------+-------------------+-------------------+
; Option                                                                     ; Setting           ; Default Value     ;
+----------------------------------------------------------------------------+-------------------+-------------------+
; Device                                                                     ; EPM7128SLC84-10   ;                   ;
; Top-level entity name                                                      ; CPLD128_Telestrat ; CPLD128_Telestrat ;
; Family name                                                                ; MAX7000S          ; Cyclone IV GX     ;
; Use smart compilation                                                      ; Off               ; Off               ;
; Enable parallel Assembler and TimeQuest Timing Analyzer during compilation ; On                ; On                ;
; Enable compact report table                                                ; Off               ; Off               ;
; Create Debugging Nodes for IP Cores                                        ; Off               ; Off               ;
; Preserve fewer node names                                                  ; On                ; On                ;
; Disable OpenCore Plus hardware evaluation                                  ; Off               ; Off               ;
; Verilog Version                                                            ; Verilog_2001      ; Verilog_2001      ;
; VHDL Version                                                               ; VHDL_1993         ; VHDL_1993         ;
; State Machine Processing                                                   ; Auto              ; Auto              ;
; Safe State Machine                                                         ; Off               ; Off               ;
; Extract Verilog State Machines                                             ; On                ; On                ;
; Extract VHDL State Machines                                                ; On                ; On                ;
; Ignore Verilog initial constructs                                          ; Off               ; Off               ;
; Iteration limit for constant Verilog loops                                 ; 5000              ; 5000              ;
; Iteration limit for non-constant Verilog loops                             ; 250               ; 250               ;
; Add Pass-Through Logic to Inferred RAMs                                    ; On                ; On                ;
; Infer RAMs from Raw Logic                                                  ; On                ; On                ;
; Parallel Synthesis                                                         ; On                ; On                ;
; NOT Gate Push-Back                                                         ; On                ; On                ;
; Power-Up Don't Care                                                        ; On                ; On                ;
; Remove Duplicate Registers                                                 ; On                ; On                ;
; Ignore CARRY Buffers                                                       ; Off               ; Off               ;
; Ignore CASCADE Buffers                                                     ; Off               ; Off               ;
; Ignore GLOBAL Buffers                                                      ; Off               ; Off               ;
; Ignore ROW GLOBAL Buffers                                                  ; Off               ; Off               ;
; Ignore LCELL Buffers                                                       ; Auto              ; Auto              ;
; Ignore SOFT Buffers                                                        ; Off               ; Off               ;
; Limit AHDL Integers to 32 Bits                                             ; Off               ; Off               ;
; Optimization Technique                                                     ; Speed             ; Speed             ;
; Allow XOR Gate Usage                                                       ; On                ; On                ;
; Auto Logic Cell Insertion                                                  ; On                ; On                ;
; Parallel Expander Chain Length                                             ; 4                 ; 4                 ;
; Auto Parallel Expanders                                                    ; On                ; On                ;
; Auto Open-Drain Pins                                                       ; On                ; On                ;
; Auto Resource Sharing                                                      ; Off               ; Off               ;
; Maximum Fan-in Per Macrocell                                               ; 100               ; 100               ;
; Use LogicLock Constraints during Resource Balancing                        ; On                ; On                ;
; Ignore translate_off and synthesis_off directives                          ; Off               ; Off               ;
; Report Parameter Settings                                                  ; On                ; On                ;
; Report Source Assignments                                                  ; On                ; On                ;
; Report Connectivity Checks                                                 ; On                ; On                ;
; HDL message level                                                          ; Level2            ; Level2            ;
; Suppress Register Optimization Related Messages                            ; Off               ; Off               ;
; Number of Removed Registers Reported in Synthesis Report                   ; 5000              ; 5000              ;
; Number of Swept Nodes Reported in Synthesis Report                         ; 5000              ; 5000              ;
; Number of Inverted Registers Reported in Synthesis Report                  ; 100               ; 100               ;
; Block Design Naming                                                        ; Auto              ; Auto              ;
; Synthesis Effort                                                           ; Auto              ; Auto              ;
; Shift Register Replacement - Allow Asynchronous Clear Signal               ; On                ; On                ;
; Pre-Mapping Resynthesis Optimization                                       ; Off               ; Off               ;
; Analysis & Synthesis Message Level                                         ; Medium            ; Medium            ;
; Disable Register Merging Across Hierarchies                                ; Auto              ; Auto              ;
; Synthesis Seed                                                             ; 1                 ; 1                 ;
+----------------------------------------------------------------------------+-------------------+-------------------+


Parallel compilation was disabled, but you have multiple processors available. Enable parallel compilation to reduce compilation time.
+-------------------------------------+
; Parallel Compilation                ;
+----------------------------+--------+
; Processors                 ; Number ;
+----------------------------+--------+
; Number detected on machine ; 4      ;
; Maximum allowed            ; 1      ;
+----------------------------+--------+


+--------------------------------------------------------------------------------------------------------------------------------------------------------------------------------------------+
; Analysis & Synthesis Source Files Read                                                                                                                                                     ;
+----------------------------------+-----------------+------------------------------------+----------------------------------------------------------------------------------------+---------+
; File Name with User-Entered Path ; Used in Netlist ; File Type                          ; File Name with Absolute Path                                                           ; Library ;
+----------------------------------+-----------------+------------------------------------+----------------------------------------------------------------------------------------+---------+
; monostable_900ms.vhd             ; yes             ; User VHDL File                     ; C:/Users/bubul/Documents/Kicad5/TELESTRAT2_doc/CPLD128_telestra2/monostable_900ms.vhd  ;         ;
; monostable_20ms.vhd              ; yes             ; User VHDL File                     ; C:/Users/bubul/Documents/Kicad5/TELESTRAT2_doc/CPLD128_telestra2/monostable_20ms.vhd   ;         ;
; HLT_8877.bdf                     ; yes             ; User Block Diagram/Schematic File  ; C:/Users/bubul/Documents/Kicad5/TELESTRAT2_doc/CPLD128_telestra2/HLT_8877.bdf          ;         ;
; sequenceur.bdf                   ; yes             ; User Block Diagram/Schematic File  ; C:/Users/bubul/Documents/Kicad5/TELESTRAT2_doc/CPLD128_telestra2/sequenceur.bdf        ;         ;
; select_ROM.vhd                   ; yes             ; User VHDL File                     ; C:/Users/bubul/Documents/Kicad5/TELESTRAT2_doc/CPLD128_telestra2/select_ROM.vhd        ;         ;
; div_freq.bdf                     ; yes             ; User Block Diagram/Schematic File  ; C:/Users/bubul/Documents/Kicad5/TELESTRAT2_doc/CPLD128_telestra2/div_freq.bdf          ;         ;
; decodage.vhd                     ; yes             ; User VHDL File                     ; C:/Users/bubul/Documents/Kicad5/TELESTRAT2_doc/CPLD128_telestra2/decodage.vhd          ;         ;
; CPLD128_Telestrat.bdf            ; yes             ; User Block Diagram/Schematic File  ; C:/Users/bubul/Documents/Kicad5/TELESTRAT2_doc/CPLD128_telestra2/CPLD128_Telestrat.bdf ;         ;
; TR_245.bdf                       ; yes             ; User Block Diagram/Schematic File  ; C:/Users/bubul/Documents/Kicad5/TELESTRAT2_doc/CPLD128_telestra2/TR_245.bdf            ;         ;
; MB8877_logic.vhd                 ; yes             ; User VHDL File                     ; C:/Users/bubul/Documents/Kicad5/TELESTRAT2_doc/CPLD128_telestra2/MB8877_logic.vhd      ;         ;
; Reg_273.bdf                      ; yes             ; User Block Diagram/Schematic File  ; C:/Users/bubul/Documents/Kicad5/TELESTRAT2_doc/CPLD128_telestra2/Reg_273.bdf           ;         ;
; 7493.bdf                         ; yes             ; Megafunction                       ; c:/program files/altera/13sp1/quartus/libraries/others/maxplus2/7493.bdf               ;         ;
; 74161.tdf                        ; yes             ; Megafunction                       ; c:/program files/altera/13sp1/quartus/libraries/others/maxplus2/74161.tdf              ;         ;
; aglobal.inc                      ; yes             ; Megafunction                       ; c:/program files/altera/13sp1/quartus/libraries/megafunctions/aglobal.inc              ;         ;
; p74161.bdf                       ; yes             ; Megafunction                       ; c:/program files/altera/13sp1/quartus/libraries/others/maxplus2/p74161.bdf             ;         ;
; 74273.bdf                        ; yes             ; Megafunction                       ; c:/program files/altera/13sp1/quartus/libraries/others/maxplus2/74273.bdf              ;         ;
; 74139o.bdf                       ; yes             ; Megafunction                       ; c:/program files/altera/13sp1/quartus/libraries/others/maxplus2/74139o.bdf             ;         ;
; 74154.bdf                        ; yes             ; Megafunction                       ; c:/program files/altera/13sp1/quartus/libraries/others/maxplus2/74154.bdf              ;         ;
; 74541.bdf                        ; yes             ; Megafunction                       ; c:/program files/altera/13sp1/quartus/libraries/others/maxplus2/74541.bdf              ;         ;
; 74373.bdf                        ; yes             ; Megafunction                       ; c:/program files/altera/13sp1/quartus/libraries/others/maxplus2/74373.bdf              ;         ;
; lpm_counter.tdf                  ; yes             ; Megafunction                       ; c:/program files/altera/13sp1/quartus/libraries/megafunctions/lpm_counter.tdf          ;         ;
; lpm_constant.inc                 ; yes             ; Megafunction                       ; c:/program files/altera/13sp1/quartus/libraries/megafunctions/lpm_constant.inc         ;         ;
; lpm_decode.inc                   ; yes             ; Megafunction                       ; c:/program files/altera/13sp1/quartus/libraries/megafunctions/lpm_decode.inc           ;         ;
; lpm_add_sub.inc                  ; yes             ; Megafunction                       ; c:/program files/altera/13sp1/quartus/libraries/megafunctions/lpm_add_sub.inc          ;         ;
; cmpconst.inc                     ; yes             ; Megafunction                       ; c:/program files/altera/13sp1/quartus/libraries/megafunctions/cmpconst.inc             ;         ;
; lpm_compare.inc                  ; yes             ; Megafunction                       ; c:/program files/altera/13sp1/quartus/libraries/megafunctions/lpm_compare.inc          ;         ;
; lpm_counter.inc                  ; yes             ; Megafunction                       ; c:/program files/altera/13sp1/quartus/libraries/megafunctions/lpm_counter.inc          ;         ;
; dffeea.inc                       ; yes             ; Megafunction                       ; c:/program files/altera/13sp1/quartus/libraries/megafunctions/dffeea.inc               ;         ;
; alt_counter_stratix.inc          ; yes             ; Megafunction                       ; c:/program files/altera/13sp1/quartus/libraries/megafunctions/alt_counter_stratix.inc  ;         ;
; aglobal130.inc                   ; yes             ; Megafunction                       ; c:/program files/altera/13sp1/quartus/libraries/megafunctions/aglobal130.inc           ;         ;
+----------------------------------+-----------------+------------------------------------+----------------------------------------------------------------------------------------+---------+


+----------------------------------------------------------------+
; Analysis & Synthesis Resource Usage Summary                    ;
+----------------------+-----------------------------------------+
; Resource             ; Usage                                   ;
+----------------------+-----------------------------------------+
; Logic cells          ; 96                                      ;
; Total registers      ; 53                                      ;
; I/O pins             ; 64                                      ;
; Shareable expanders  ; 11                                      ;
; Parallel expanders   ; 1                                       ;
; Maximum fan-out node ; div_freq:inst1|74161:inst6|p74161:sub|8 ;
; Maximum fan-out      ; 36                                      ;
; Total fan-out        ; 903                                     ;
; Average fan-out      ; 5.28                                    ;
+----------------------+-----------------------------------------+


+-------------------------------------------------------------------------------------------------------------------------------------------------------+
; Analysis & Synthesis Resource Utilization by Entity                                                                                                   ;
+----------------------------------+------------+------+---------------------------------------------------------------------------------+--------------+
; Compilation Hierarchy Node       ; Macrocells ; Pins ; Full Hierarchy Name                                                             ; Library Name ;
+----------------------------------+------------+------+---------------------------------------------------------------------------------+--------------+
; |CPLD128_Telestrat               ; 96         ; 64   ; |CPLD128_Telestrat                                                              ; work         ;
;    |HLT_8877:inst12|             ; 41         ; 0    ; |CPLD128_Telestrat|HLT_8877:inst12                                              ; work         ;
;       |monostable_20ms:inst|     ; 19         ; 0    ; |CPLD128_Telestrat|HLT_8877:inst12|monostable_20ms:inst                         ; work         ;
;          |lpm_counter:cnt_rtl_0| ; 15         ; 0    ; |CPLD128_Telestrat|HLT_8877:inst12|monostable_20ms:inst|lpm_counter:cnt_rtl_0   ; work         ;
;       |monostable_900ms:inst1|   ; 21         ; 0    ; |CPLD128_Telestrat|HLT_8877:inst12|monostable_900ms:inst1                       ; work         ;
;          |lpm_counter:cnt_rtl_0| ; 20         ; 0    ; |CPLD128_Telestrat|HLT_8877:inst12|monostable_900ms:inst1|lpm_counter:cnt_rtl_0 ; work         ;
;    |MB8877_logic:inst19|         ; 6          ; 0    ; |CPLD128_Telestrat|MB8877_logic:inst19                                          ; work         ;
;    |Reg_273:inst20|              ; 8          ; 0    ; |CPLD128_Telestrat|Reg_273:inst20                                               ; work         ;
;       |74139o:inst21|            ; 2          ; 0    ; |CPLD128_Telestrat|Reg_273:inst20|74139o:inst21                                 ; work         ;
;       |74273:inst6|              ; 6          ; 0    ; |CPLD128_Telestrat|Reg_273:inst20|74273:inst6                                   ; work         ;
;    |TR_245:inst15|               ; 8          ; 0    ; |CPLD128_Telestrat|TR_245:inst15                                                ; work         ;
;       |74373:inst|               ; 8          ; 0    ; |CPLD128_Telestrat|TR_245:inst15|74373:inst                                     ; work         ;
;    |decodage:inst7|              ; 6          ; 0    ; |CPLD128_Telestrat|decodage:inst7                                               ; work         ;
;    |div_freq:inst1|              ; 5          ; 0    ; |CPLD128_Telestrat|div_freq:inst1                                               ; work         ;
;       |74161:inst6|              ; 2          ; 0    ; |CPLD128_Telestrat|div_freq:inst1|74161:inst6                                   ; work         ;
;          |p74161:sub|            ; 2          ; 0    ; |CPLD128_Telestrat|div_freq:inst1|74161:inst6|p74161:sub                        ; work         ;
;       |7493:inst|                ; 2          ; 0    ; |CPLD128_Telestrat|div_freq:inst1|7493:inst                                     ; work         ;
;    |select_ROM:inst4|            ; 6          ; 0    ; |CPLD128_Telestrat|select_ROM:inst4                                             ; work         ;
;    |sequenceur:inst6|            ; 5          ; 0    ; |CPLD128_Telestrat|sequenceur:inst6                                             ; work         ;
;       |74161:inst3|              ; 4          ; 0    ; |CPLD128_Telestrat|sequenceur:inst6|74161:inst3                                 ; work         ;
;          |p74161:sub|            ; 4          ; 0    ; |CPLD128_Telestrat|sequenceur:inst6|74161:inst3|p74161:sub                      ; work         ;
+----------------------------------+------------+------+---------------------------------------------------------------------------------+--------------+


+----------------------------------------------------------------------------------------------------------+
; User-Specified and Inferred Latches                                                                      ;
+----------------------------------------------------+----------------------------+------------------------+
; Latch Name                                         ; Latch Enable Signal        ; Free of Timing Hazards ;
+----------------------------------------------------+----------------------------+------------------------+
; HLT_8877:inst12|monostable_20ms:inst|rst1          ; GND                        ; yes                    ;
; TR_245:inst15|74373:inst|12                        ; MB8877_logic:inst19|n373LE ; yes                    ;
; TR_245:inst15|74373:inst|13                        ; MB8877_logic:inst19|n373LE ; yes                    ;
; TR_245:inst15|74373:inst|14                        ; MB8877_logic:inst19|n373LE ; yes                    ;
; TR_245:inst15|74373:inst|15                        ; MB8877_logic:inst19|n373LE ; yes                    ;
; TR_245:inst15|74373:inst|16                        ; MB8877_logic:inst19|n373LE ; yes                    ;
; TR_245:inst15|74373:inst|17                        ; MB8877_logic:inst19|n373LE ; yes                    ;
; TR_245:inst15|74373:inst|18                        ; MB8877_logic:inst19|n373LE ; yes                    ;
; TR_245:inst15|74373:inst|19                        ; MB8877_logic:inst19|n373LE ; yes                    ;
; Number of user-specified and inferred latches = 9  ;                            ;                        ;
+----------------------------------------------------+----------------------------+------------------------+
Note: All latches listed above may not be present at the end of synthesis due to various synthesis optimizations.


+-------------------------------------------------------------------------+
; Parameter Settings for User Entity Instance: div_freq:inst1|74161:inst6 ;
+------------------------+----------+-------------------------------------+
; Parameter Name         ; Value    ; Type                                ;
+------------------------+----------+-------------------------------------+
; DEVICE_FAMILY          ; MAX7000S ; Untyped                             ;
; AUTO_CARRY_CHAINS      ; ON       ; AUTO_CARRY                          ;
; IGNORE_CARRY_BUFFERS   ; OFF      ; IGNORE_CARRY                        ;
; AUTO_CASCADE_CHAINS    ; ON       ; AUTO_CASCADE                        ;
; IGNORE_CASCADE_BUFFERS ; OFF      ; IGNORE_CASCADE                      ;
+------------------------+----------+-------------------------------------+
Note: In order to hide this table in the UI and the text report file, please set the "Show Parameter Settings in Synthesis Report" option in "Analysis and Synthesis Settings -> More Settings" to "Off".


+---------------------------------------------------------------------------+
; Parameter Settings for User Entity Instance: sequenceur:inst6|74161:inst3 ;
+------------------------+----------+---------------------------------------+
; Parameter Name         ; Value    ; Type                                  ;
+------------------------+----------+---------------------------------------+
; DEVICE_FAMILY          ; MAX7000S ; Untyped                               ;
; AUTO_CARRY_CHAINS      ; ON       ; AUTO_CARRY                            ;
; IGNORE_CARRY_BUFFERS   ; OFF      ; IGNORE_CARRY                          ;
; AUTO_CASCADE_CHAINS    ; ON       ; AUTO_CASCADE                          ;
; IGNORE_CASCADE_BUFFERS ; OFF      ; IGNORE_CASCADE                        ;
+------------------------+----------+---------------------------------------+
Note: In order to hide this table in the UI and the text report file, please set the "Show Parameter Settings in Synthesis Report" option in "Analysis and Synthesis Settings -> More Settings" to "Off".


+---------------------------------------------------------------------------------------------------------------+
; Parameter Settings for Inferred Entity Instance: HLT_8877:inst12|monostable_900ms:inst1|lpm_counter:cnt_rtl_0 ;
+------------------------+-------------------+------------------------------------------------------------------+
; Parameter Name         ; Value             ; Type                                                             ;
+------------------------+-------------------+------------------------------------------------------------------+
; AUTO_CARRY_CHAINS      ; ON                ; AUTO_CARRY                                                       ;
; IGNORE_CARRY_BUFFERS   ; OFF               ; IGNORE_CARRY                                                     ;
; AUTO_CASCADE_CHAINS    ; ON                ; AUTO_CASCADE                                                     ;
; IGNORE_CASCADE_BUFFERS ; OFF               ; IGNORE_CASCADE                                                   ;
; LPM_WIDTH              ; 20                ; Untyped                                                          ;
; LPM_DIRECTION          ; UP                ; Untyped                                                          ;
; LPM_MODULUS            ; 0                 ; Untyped                                                          ;
; LPM_AVALUE             ; UNUSED            ; Untyped                                                          ;
; LPM_SVALUE             ; UNUSED            ; Untyped                                                          ;
; LPM_PORT_UPDOWN        ; PORT_CONNECTIVITY ; Untyped                                                          ;
; DEVICE_FAMILY          ; MAX7000S          ; Untyped                                                          ;
; CARRY_CHAIN            ; MANUAL            ; Untyped                                                          ;
; CARRY_CHAIN_LENGTH     ; 48                ; CARRY_CHAIN_LENGTH                                               ;
; NOT_GATE_PUSH_BACK     ; ON                ; NOT_GATE_PUSH_BACK                                               ;
; CARRY_CNT_EN           ; SMART             ; Untyped                                                          ;
; LABWIDE_SCLR           ; ON                ; Untyped                                                          ;
; USE_NEW_VERSION        ; TRUE              ; Untyped                                                          ;
; CBXI_PARAMETER         ; NOTHING           ; Untyped                                                          ;
+------------------------+-------------------+------------------------------------------------------------------+
Note: In order to hide this table in the UI and the text report file, please set the "Show Parameter Settings in Synthesis Report" option in "Analysis and Synthesis Settings -> More Settings" to "Off".


+-------------------------------------------------------------------------------------------------------------+
; Parameter Settings for Inferred Entity Instance: HLT_8877:inst12|monostable_20ms:inst|lpm_counter:cnt_rtl_0 ;
+------------------------+-------------------+----------------------------------------------------------------+
; Parameter Name         ; Value             ; Type                                                           ;
+------------------------+-------------------+----------------------------------------------------------------+
; AUTO_CARRY_CHAINS      ; ON                ; AUTO_CARRY                                                     ;
; IGNORE_CARRY_BUFFERS   ; OFF               ; IGNORE_CARRY                                                   ;
; AUTO_CASCADE_CHAINS    ; ON                ; AUTO_CASCADE                                                   ;
; IGNORE_CASCADE_BUFFERS ; OFF               ; IGNORE_CASCADE                                                 ;
; LPM_WIDTH              ; 15                ; Untyped                                                        ;
; LPM_DIRECTION          ; UP                ; Untyped                                                        ;
; LPM_MODULUS            ; 0                 ; Untyped                                                        ;
; LPM_AVALUE             ; UNUSED            ; Untyped                                                        ;
; LPM_SVALUE             ; UNUSED            ; Untyped                                                        ;
; LPM_PORT_UPDOWN        ; PORT_CONNECTIVITY ; Untyped                                                        ;
; DEVICE_FAMILY          ; MAX7000S          ; Untyped                                                        ;
; CARRY_CHAIN            ; MANUAL            ; Untyped                                                        ;
; CARRY_CHAIN_LENGTH     ; 48                ; CARRY_CHAIN_LENGTH                                             ;
; NOT_GATE_PUSH_BACK     ; ON                ; NOT_GATE_PUSH_BACK                                             ;
; CARRY_CNT_EN           ; SMART             ; Untyped                                                        ;
; LABWIDE_SCLR           ; ON                ; Untyped                                                        ;
; USE_NEW_VERSION        ; TRUE              ; Untyped                                                        ;
; CBXI_PARAMETER         ; NOTHING           ; Untyped                                                        ;
+------------------------+-------------------+----------------------------------------------------------------+
Note: In order to hide this table in the UI and the text report file, please set the "Show Parameter Settings in Synthesis Report" option in "Analysis and Synthesis Settings -> More Settings" to "Off".


+-------------------------------+
; Analysis & Synthesis Messages ;
+-------------------------------+
Info: *******************************************************************
Info: Running Quartus II 64-Bit Analysis & Synthesis
    Info: Version 13.0.1 Build 232 06/12/2013 Service Pack 1 SJ Web Edition
    Info: Processing started: Sun Feb 19 17:29:28 2023
Info: Command: quartus_map --read_settings_files=on --write_settings_files=off CPLD128_Telestrat2 -c CPLD128_Telestrat
Warning (20028): Parallel compilation is not licensed and has been disabled
Info (12021): Found 2 design units, including 1 entities, in source file monostable_900ms.vhd
    Info (12022): Found design unit 1: monostable_900ms-monostable2
    Info (12023): Found entity 1: monostable_900ms
Info (12021): Found 2 design units, including 1 entities, in source file monostable_20ms.vhd
    Info (12022): Found design unit 1: monostable_20ms-monostable1
    Info (12023): Found entity 1: monostable_20ms
Info (12021): Found 1 design units, including 1 entities, in source file hlt_8877.bdf
    Info (12023): Found entity 1: HLT_8877
Info (12021): Found 2 design units, including 1 entities, in source file div_freq1000.vhd
    Info (12022): Found design unit 1: div_freq1000-div1000
    Info (12023): Found entity 1: div_freq1000
Info (12021): Found 1 design units, including 1 entities, in source file timer.bdf
    Info (12023): Found entity 1: Timer
Info (12021): Found 1 design units, including 1 entities, in source file sequenceur.bdf
    Info (12023): Found entity 1: sequenceur
Info (12021): Found 2 design units, including 1 entities, in source file select_rom.vhd
    Info (12022): Found design unit 1: select_ROM-sel_ROM
    Info (12023): Found entity 1: select_ROM
Info (12021): Found 1 design units, including 1 entities, in source file div_freq.bdf
    Info (12023): Found entity 1: div_freq
Info (12021): Found 2 design units, including 1 entities, in source file decodage.vhd
    Info (12022): Found design unit 1: decodage-decode
    Info (12023): Found entity 1: decodage
Info (12021): Found 1 design units, including 1 entities, in source file cpld128_telestrat.bdf
    Info (12023): Found entity 1: CPLD128_Telestrat
Info (12021): Found 1 design units, including 1 entities, in source file tr_245.bdf
    Info (12023): Found entity 1: TR_245
Info (12021): Found 2 design units, including 1 entities, in source file mb8877_logic.vhd
    Info (12022): Found design unit 1: MB8877_logic-MB8877
    Info (12023): Found entity 1: MB8877_logic
Info (12021): Found 1 design units, including 1 entities, in source file reg_273.bdf
    Info (12023): Found entity 1: Reg_273
Info (12127): Elaborating entity "CPLD128_Telestrat" for the top level hierarchy
Info (12128): Elaborating entity "decodage" for hierarchy "decodage:inst7"
Info (12128): Elaborating entity "div_freq" for hierarchy "div_freq:inst1"
Info (12128): Elaborating entity "7493" for hierarchy "div_freq:inst1|7493:inst"
Info (12130): Elaborated megafunction instantiation "div_freq:inst1|7493:inst"
Info (12128): Elaborating entity "74161" for hierarchy "div_freq:inst1|74161:inst6"
Info (12130): Elaborated megafunction instantiation "div_freq:inst1|74161:inst6"
Info (12128): Elaborating entity "p74161" for hierarchy "div_freq:inst1|74161:inst6|p74161:sub"
Info (12131): Elaborated megafunction instantiation "div_freq:inst1|74161:inst6|p74161:sub", which is child of megafunction instantiation "div_freq:inst1|74161:inst6"
Info (12128): Elaborating entity "select_ROM" for hierarchy "select_ROM:inst4"
Info (12128): Elaborating entity "Reg_273" for hierarchy "Reg_273:inst20"
Info (12128): Elaborating entity "74273" for hierarchy "Reg_273:inst20|74273:inst6"
Info (12130): Elaborated megafunction instantiation "Reg_273:inst20|74273:inst6"
Info (12128): Elaborating entity "74139o" for hierarchy "Reg_273:inst20|74139o:inst21"
Info (12130): Elaborated megafunction instantiation "Reg_273:inst20|74139o:inst21"
Info (12128): Elaborating entity "sequenceur" for hierarchy "sequenceur:inst6"
Info (12128): Elaborating entity "74154" for hierarchy "sequenceur:inst6|74154:inst15"
Info (12130): Elaborated megafunction instantiation "sequenceur:inst6|74154:inst15"
Info (12128): Elaborating entity "74161" for hierarchy "sequenceur:inst6|74161:inst3"
Info (12130): Elaborated megafunction instantiation "sequenceur:inst6|74161:inst3"
Info (12128): Elaborating entity "MB8877_logic" for hierarchy "MB8877_logic:inst19"
Info (12128): Elaborating entity "HLT_8877" for hierarchy "HLT_8877:inst12"
Info (12128): Elaborating entity "monostable_900ms" for hierarchy "HLT_8877:inst12|monostable_900ms:inst1"
Info (12128): Elaborating entity "monostable_20ms" for hierarchy "HLT_8877:inst12|monostable_20ms:inst"
Warning (10631): VHDL Process Statement warning at monostable_20ms.vhd(52): inferring latch(es) for signal or variable "rst1", which holds its previous value in one or more paths through the process
Info (10041): Inferred latch for "rst1" at monostable_20ms.vhd(52)
Info (12128): Elaborating entity "TR_245" for hierarchy "TR_245:inst15"
Info (12128): Elaborating entity "74541" for hierarchy "TR_245:inst15|74541:inst1"
Info (12130): Elaborated megafunction instantiation "TR_245:inst15|74541:inst1"
Info (12128): Elaborating entity "74373" for hierarchy "TR_245:inst15|74373:inst"
Info (12130): Elaborated megafunction instantiation "TR_245:inst15|74373:inst"
Info (19000): Inferred 2 megafunctions from design logic
    Info (19001): Inferred lpm_counter megafunction (LPM_WIDTH=20) from the following logic: "HLT_8877:inst12|monostable_900ms:inst1|cnt_rtl_0"
    Info (19001): Inferred lpm_counter megafunction (LPM_WIDTH=15) from the following logic: "HLT_8877:inst12|monostable_20ms:inst|cnt_rtl_0"
Info (12130): Elaborated megafunction instantiation "HLT_8877:inst12|monostable_900ms:inst1|lpm_counter:cnt_rtl_0"
Info (12133): Instantiated megafunction "HLT_8877:inst12|monostable_900ms:inst1|lpm_counter:cnt_rtl_0" with the following parameter:
    Info (12134): Parameter "LPM_WIDTH" = "20"
    Info (12134): Parameter "LPM_DIRECTION" = "UP"
    Info (12134): Parameter "LPM_TYPE" = "LPM_COUNTER"
Info (12130): Elaborated megafunction instantiation "HLT_8877:inst12|monostable_20ms:inst|lpm_counter:cnt_rtl_0"
Info (12133): Instantiated megafunction "HLT_8877:inst12|monostable_20ms:inst|lpm_counter:cnt_rtl_0" with the following parameter:
    Info (12134): Parameter "LPM_WIDTH" = "15"
    Info (12134): Parameter "LPM_DIRECTION" = "UP"
    Info (12134): Parameter "LPM_TYPE" = "LPM_COUNTER"
Info (280013): Promoted pin-driven signal(s) to global signal
    Info (280014): Promoted clock signal driven by pin "12MHz" to global clock signal
Info (21057): Implemented 171 device resources after synthesis - the final resource count might be different
    Info (21058): Implemented 25 input pins
    Info (21059): Implemented 22 output pins
    Info (21060): Implemented 17 bidirectional pins
    Info (21063): Implemented 96 macrocells
    Info (21073): Implemented 11 shareable expanders
Info: Quartus II 64-Bit Analysis & Synthesis was successful. 0 errors, 2 warnings
    Info: Peak virtual memory: 480 megabytes
    Info: Processing ended: Sun Feb 19 17:29:30 2023
    Info: Elapsed time: 00:00:02
    Info: Total CPU time (on all processors): 00:00:01


